<?xml version="1.0" encoding="UTF-8"?>
<!-- Generated by org.testng.reporters.JUnitReportReporter -->
<testsuite hostname="LAPTOP-17E9B0FD" failures="0" tests="1" name="learning.java.OddorEvenNum" time="6.667" errors="0" timestamp="2022-12-13T11:38:28 IST" skipped="0">
  <testcase classname="learning.java.OddorEvenNum" name="Stringtest" time="6.667"/>
  <system-out/>
</testsuite> <!-- learning.java.OddorEvenNum -->
