<?xml version="1.0" encoding="UTF-8"?>
<!-- Generated by org.testng.reporters.JUnitReportReporter -->
<testsuite hostname="LAPTOP-17E9B0FD" failures="0" tests="1" name="learning.java.Maplearning" time="0.013" errors="0" timestamp="2022-12-15T11:35:52 IST" skipped="0">
  <testcase classname="learning.java.Maplearning" name="treemaplearnuing" time="0.013"/>
  <system-out/>
</testsuite> <!-- learning.java.Maplearning -->
