<?xml version="1.0" encoding="UTF-8"?>
<!-- Generated by org.testng.reporters.JUnitReportReporter -->
<testsuite hostname="LAPTOP-17E9B0FD" failures="0" tests="1" name="learning.java.Collectionlearning" time="0.007" errors="0" timestamp="2022-12-15T11:33:57 IST" skipped="0">
  <testcase classname="learning.java.Collectionlearning" name="Studentname" time="0.007"/>
  <system-out/>
</testsuite> <!-- learning.java.Collectionlearning -->
