<?xml version="1.0" encoding="UTF-8"?>
<!-- Generated by org.testng.reporters.JUnitReportReporter -->
<testsuite hostname="LAPTOP-17E9B0FD" failures="0" tests="1" name="learning.java.Testlear" time="2.052" errors="0" timestamp="2022-12-13T12:23:31 IST" skipped="0">
  <testcase classname="learning.java.Testlear" name="Sum" time="2.052"/>
  <system-out/>
</testsuite> <!-- learning.java.Testlear -->
