<?xml version="1.0" encoding="UTF-8"?>
<!-- Generated by org.testng.reporters.JUnitReportReporter -->
<testsuite hostname="LAPTOP-17E9B0FD" failures="0" tests="1" name="learning.java.Maptesting" time="0.008" errors="0" timestamp="2022-12-15T12:06:25 IST" skipped="0">
  <testcase classname="learning.java.Maptesting" name="Employee" time="0.008"/>
  <system-out/>
</testsuite> <!-- learning.java.Maptesting -->
